This file contains any messages produced by compilers while
running configure, to aid debugging if configure makes a mistake.

It was created by RtAudio configure 5.1.0, which was
generated by GNU Autoconf 2.69.  Invocation command line was

  $ ./configure 

## --------- ##
## Platform. ##
## --------- ##

hostname = ubuntu
uname -m = x86_64
uname -r = 5.4.0-42-generic
uname -s = Linux
uname -v = #46~18.04.1-Ubuntu SMP Fri Jul 10 07:21:24 UTC 2020

/usr/bin/uname -p = unknown
/bin/uname -X     = unknown

/bin/arch              = unknown
/usr/bin/arch -k       = unknown
/usr/convex/getsysinfo = unknown
/usr/bin/hostinfo      = unknown
/bin/machine           = unknown
/usr/bin/oslevel       = unknown
/bin/universe          = unknown

PATH: /usr/local/sbin
PATH: /usr/local/bin
PATH: /usr/sbin
PATH: /usr/bin
PATH: /sbin
PATH: /bin
PATH: /usr/games
PATH: /usr/local/games
PATH: /snap/bin


## ----------- ##
## Core tests. ##
## ----------- ##

configure:2478: checking for a BSD-compatible install
configure:2546: result: /usr/bin/install -c
configure:2557: checking whether build environment is sane
configure:2612: result: yes
configure:2763: checking for a thread-safe mkdir -p
configure:2802: result: /bin/mkdir -p
configure:2809: checking for gawk
configure:2839: result: no
configure:2809: checking for mawk
configure:2825: found /usr/bin/mawk
configure:2836: result: mawk
configure:2847: checking whether make sets $(MAKE)
configure:2869: result: yes
configure:2898: checking whether make supports nested variables
configure:2915: result: yes
configure:3129: checking that version numbers are coherent
configure:3143: result: yes
configure:3149: checking whether to enable maintainer-specific portions of Makefiles
configure:3158: result: no
configure:3182: checking whether make supports nested variables
configure:3199: result: yes
configure:3284: checking for g++
configure:3300: found /usr/bin/g++
configure:3311: result: g++
configure:3338: checking for C++ compiler version
configure:3347: g++ --version >&5
g++ (Ubuntu 7.5.0-3ubuntu1~18.04) 7.5.0
Copyright (C) 2017 Free Software Foundation, Inc.
This is free software; see the source for copying conditions.  There is NO
warranty; not even for MERCHANTABILITY or FITNESS FOR A PARTICULAR PURPOSE.

configure:3358: $? = 0
configure:3347: g++ -v >&5
Using built-in specs.
COLLECT_GCC=g++
COLLECT_LTO_WRAPPER=/usr/lib/gcc/x86_64-linux-gnu/7/lto-wrapper
OFFLOAD_TARGET_NAMES=nvptx-none
OFFLOAD_TARGET_DEFAULT=1
Target: x86_64-linux-gnu
Configured with: ../src/configure -v --with-pkgversion='Ubuntu 7.5.0-3ubuntu1~18.04' --with-bugurl=file:///usr/share/doc/gcc-7/README.Bugs --enable-languages=c,ada,c++,go,brig,d,fortran,objc,obj-c++ --prefix=/usr --with-gcc-major-version-only --program-suffix=-7 --program-prefix=x86_64-linux-gnu- --enable-shared --enable-linker-build-id --libexecdir=/usr/lib --without-included-gettext --enable-threads=posix --libdir=/usr/lib --enable-nls --enable-bootstrap --enable-clocale=gnu --enable-libstdcxx-debug --enable-libstdcxx-time=yes --with-default-libstdcxx-abi=new --enable-gnu-unique-object --disable-vtable-verify --enable-libmpx --enable-plugin --enable-default-pie --with-system-zlib --with-target-system-zlib --enable-objc-gc=auto --enable-multiarch --disable-werror --with-arch-32=i686 --with-abi=m64 --with-multilib-list=m32,m64,mx32 --enable-multilib --with-tune=generic --enable-offload-targets=nvptx-none --without-cuda-driver --enable-checking=release --build=x86_64-linux-gnu --host=x86_64-linux-gnu --target=x86_64-linux-gnu
Thread model: posix
gcc version 7.5.0 (Ubuntu 7.5.0-3ubuntu1~18.04) 
configure:3358: $? = 0
configure:3347: g++ -V >&5
g++: error: unrecognized command line option '-V'
g++: fatal error: no input files
compilation terminated.
configure:3358: $? = 1
configure:3347: g++ -qversion >&5
g++: error: unrecognized command line option '-qversion'; did you mean '--version'?
g++: fatal error: no input files
compilation terminated.
configure:3358: $? = 1
configure:3378: checking whether the C++ compiler works
configure:3400: g++    conftest.cpp  >&5
configure:3404: $? = 0
configure:3452: result: yes
configure:3455: checking for C++ compiler default output file name
configure:3457: result: a.out
configure:3463: checking for suffix of executables
configure:3470: g++ -o conftest    conftest.cpp  >&5
configure:3474: $? = 0
configure:3496: result: 
configure:3518: checking whether we are cross compiling
configure:3526: g++ -o conftest    conftest.cpp  >&5
configure:3530: $? = 0
configure:3537: ./conftest
configure:3541: $? = 0
configure:3556: result: no
configure:3561: checking for suffix of object files
configure:3583: g++ -c   conftest.cpp >&5
configure:3587: $? = 0
configure:3608: result: o
configure:3612: checking whether we are using the GNU C++ compiler
configure:3631: g++ -c   conftest.cpp >&5
configure:3631: $? = 0
configure:3640: result: yes
configure:3649: checking whether g++ accepts -g
configure:3669: g++ -c -g  conftest.cpp >&5
configure:3669: $? = 0
configure:3710: result: yes
configure:3736: checking whether make supports the include directive
configure:3751: make -f confmf.GNU && cat confinc.out
this is the am__doit target
configure:3754: $? = 0
configure:3773: result: yes (GNU style)
configure:3798: checking dependency style of g++
configure:3909: result: gcc3
configure:3972: checking for gcc
configure:3988: found /usr/bin/gcc
configure:3999: result: gcc
configure:4228: checking for C compiler version
configure:4237: gcc --version >&5
gcc (Ubuntu 7.5.0-3ubuntu1~18.04) 7.5.0
Copyright (C) 2017 Free Software Foundation, Inc.
This is free software; see the source for copying conditions.  There is NO
warranty; not even for MERCHANTABILITY or FITNESS FOR A PARTICULAR PURPOSE.

configure:4248: $? = 0
configure:4237: gcc -v >&5
Using built-in specs.
COLLECT_GCC=gcc
COLLECT_LTO_WRAPPER=/usr/lib/gcc/x86_64-linux-gnu/7/lto-wrapper
OFFLOAD_TARGET_NAMES=nvptx-none
OFFLOAD_TARGET_DEFAULT=1
Target: x86_64-linux-gnu
Configured with: ../src/configure -v --with-pkgversion='Ubuntu 7.5.0-3ubuntu1~18.04' --with-bugurl=file:///usr/share/doc/gcc-7/README.Bugs --enable-languages=c,ada,c++,go,brig,d,fortran,objc,obj-c++ --prefix=/usr --with-gcc-major-version-only --program-suffix=-7 --program-prefix=x86_64-linux-gnu- --enable-shared --enable-linker-build-id --libexecdir=/usr/lib --without-included-gettext --enable-threads=posix --libdir=/usr/lib --enable-nls --enable-bootstrap --enable-clocale=gnu --enable-libstdcxx-debug --enable-libstdcxx-time=yes --with-default-libstdcxx-abi=new --enable-gnu-unique-object --disable-vtable-verify --enable-libmpx --enable-plugin --enable-default-pie --with-system-zlib --with-target-system-zlib --enable-objc-gc=auto --enable-multiarch --disable-werror --with-arch-32=i686 --with-abi=m64 --with-multilib-list=m32,m64,mx32 --enable-multilib --with-tune=generic --enable-offload-targets=nvptx-none --without-cuda-driver --enable-checking=release --build=x86_64-linux-gnu --host=x86_64-linux-gnu --target=x86_64-linux-gnu
Thread model: posix
gcc version 7.5.0 (Ubuntu 7.5.0-3ubuntu1~18.04) 
configure:4248: $? = 0
configure:4237: gcc -V >&5
gcc: error: unrecognized command line option '-V'
gcc: fatal error: no input files
compilation terminated.
configure:4248: $? = 1
configure:4237: gcc -qversion >&5
gcc: error: unrecognized command line option '-qversion'; did you mean '--version'?
gcc: fatal error: no input files
compilation terminated.
configure:4248: $? = 1
configure:4252: checking whether we are using the GNU C compiler
configure:4271: gcc -c   conftest.c >&5
configure:4271: $? = 0
configure:4280: result: yes
configure:4289: checking whether gcc accepts -g
configure:4309: gcc -c -g  conftest.c >&5
configure:4309: $? = 0
configure:4350: result: yes
configure:4367: checking for gcc option to accept ISO C89
configure:4430: gcc  -c -g -O2  conftest.c >&5
configure:4430: $? = 0
configure:4443: result: none needed
configure:4468: checking whether gcc understands -c and -o together
configure:4490: gcc -c conftest.c -o conftest2.o
configure:4493: $? = 0
configure:4490: gcc -c conftest.c -o conftest2.o
configure:4493: $? = 0
configure:4505: result: yes
configure:4524: checking dependency style of gcc
configure:4635: result: gcc3
configure:4700: checking for ar
configure:4716: found /usr/bin/ar
configure:4727: result: ar
configure:4753: checking the archiver (ar) interface
configure:4769: gcc -c -g -O2  conftest.c >&5
configure:4769: $? = 0
configure:4771: ar cru libconftest.a conftest.o >&5
ar: `u' modifier ignored since `D' is the default (see `U')
configure:4774: $? = 0
configure:4802: result: ar
configure:4824: checking for ar
configure:4842: found /usr/bin/ar
configure:4855: result: /usr/bin/ar
configure:4899: checking build system type
configure:4913: result: x86_64-pc-linux-gnu
configure:4933: checking host system type
configure:4946: result: x86_64-pc-linux-gnu
configure:4987: checking how to print strings
configure:5014: result: printf
configure:5035: checking for a sed that does not truncate output
configure:5099: result: /bin/sed
configure:5117: checking for grep that handles long lines and -e
configure:5175: result: /bin/grep
configure:5180: checking for egrep
configure:5242: result: /bin/grep -E
configure:5247: checking for fgrep
configure:5309: result: /bin/grep -F
configure:5344: checking for ld used by gcc
configure:5411: result: /usr/bin/ld
configure:5418: checking if the linker (/usr/bin/ld) is GNU ld
configure:5433: result: yes
configure:5445: checking for BSD- or MS-compatible name lister (nm)
configure:5499: result: /usr/bin/nm -B
configure:5629: checking the name lister (/usr/bin/nm -B) interface
configure:5636: gcc -c -g -O2  conftest.c >&5
configure:5639: /usr/bin/nm -B "conftest.o"
configure:5642: output
0000000000000000 B some_variable
configure:5649: result: BSD nm
configure:5652: checking whether ln -s works
configure:5656: result: yes
configure:5664: checking the maximum length of command line arguments
configure:5795: result: 1572864
configure:5843: checking how to convert x86_64-pc-linux-gnu file names to x86_64-pc-linux-gnu format
configure:5883: result: func_convert_file_noop
configure:5890: checking how to convert x86_64-pc-linux-gnu file names to toolchain format
configure:5910: result: func_convert_file_noop
configure:5917: checking for /usr/bin/ld option to reload object files
configure:5924: result: -r
configure:5998: checking for objdump
configure:6014: found /usr/bin/objdump
configure:6025: result: objdump
configure:6054: checking how to recognize dependent libraries
configure:6254: result: pass_all
configure:6339: checking for dlltool
configure:6369: result: no
configure:6396: checking how to associate runtime and link libraries
configure:6423: result: printf %s\n
configure:6547: checking for archiver @FILE support
configure:6564: gcc -c -g -O2  conftest.c >&5
configure:6564: $? = 0
configure:6567: /usr/bin/ar cru libconftest.a @conftest.lst >&5
/usr/bin/ar: `u' modifier ignored since `D' is the default (see `U')
configure:6570: $? = 0
configure:6575: /usr/bin/ar cru libconftest.a @conftest.lst >&5
/usr/bin/ar: `u' modifier ignored since `D' is the default (see `U')
/usr/bin/ar: conftest.o: No such file or directory
configure:6578: $? = 1
configure:6590: result: @
configure:6648: checking for strip
configure:6664: found /usr/bin/strip
configure:6675: result: strip
configure:6747: checking for ranlib
configure:6763: found /usr/bin/ranlib
configure:6774: result: ranlib
configure:6876: checking command to parse /usr/bin/nm -B output from gcc object
configure:7029: gcc -c -g -O2  conftest.c >&5
configure:7032: $? = 0
configure:7036: /usr/bin/nm -B conftest.o \| sed -n -e 's/^.*[ ]\([ABCDGIRSTW][ABCDGIRSTW]*\)[ ][ ]*\([_A-Za-z][_A-Za-z0-9]*\)$/\1 \2 \2/p' | sed '/ __gnu_lto/d' \> conftest.nm
configure:7039: $? = 0
configure:7105: gcc -o conftest -g -O2   conftest.c conftstm.o >&5
configure:7108: $? = 0
configure:7146: result: ok
configure:7193: checking for sysroot
configure:7223: result: no
configure:7230: checking for a working dd
configure:7268: result: /bin/dd
configure:7272: checking how to truncate binary pipes
configure:7287: result: /bin/dd bs=4096 count=1
configure:7423: gcc -c -g -O2  conftest.c >&5
configure:7426: $? = 0
configure:7616: checking for mt
configure:7632: found /bin/mt
configure:7643: result: mt
configure:7666: checking if mt is a manifest tool
configure:7672: mt '-?'
configure:7680: result: no
configure:8357: checking how to run the C preprocessor
configure:8388: gcc -E  conftest.c
configure:8388: $? = 0
configure:8402: gcc -E  conftest.c
conftest.c:11:10: fatal error: ac_nonexistent.h: No such file or directory
 #include <ac_nonexistent.h>
          ^~~~~~~~~~~~~~~~~~
compilation terminated.
configure:8402: $? = 1
configure: failed program was:
| /* confdefs.h */
| #define PACKAGE_NAME "RtAudio"
| #define PACKAGE_TARNAME "rtaudio"
| #define PACKAGE_VERSION "5.1.0"
| #define PACKAGE_STRING "RtAudio 5.1.0"
| #define PACKAGE_BUGREPORT "gary@music.mcgill.ca"
| #define PACKAGE_URL ""
| #define PACKAGE "rtaudio"
| #define VERSION "5.1.0"
| /* end confdefs.h.  */
| #include <ac_nonexistent.h>
configure:8427: result: gcc -E
configure:8447: gcc -E  conftest.c
configure:8447: $? = 0
configure:8461: gcc -E  conftest.c
conftest.c:11:10: fatal error: ac_nonexistent.h: No such file or directory
 #include <ac_nonexistent.h>
          ^~~~~~~~~~~~~~~~~~
compilation terminated.
configure:8461: $? = 1
configure: failed program was:
| /* confdefs.h */
| #define PACKAGE_NAME "RtAudio"
| #define PACKAGE_TARNAME "rtaudio"
| #define PACKAGE_VERSION "5.1.0"
| #define PACKAGE_STRING "RtAudio 5.1.0"
| #define PACKAGE_BUGREPORT "gary@music.mcgill.ca"
| #define PACKAGE_URL ""
| #define PACKAGE "rtaudio"
| #define VERSION "5.1.0"
| /* end confdefs.h.  */
| #include <ac_nonexistent.h>
configure:8490: checking for ANSI C header files
configure:8510: gcc -c -g -O2  conftest.c >&5
configure:8510: $? = 0
configure:8583: gcc -o conftest -g -O2   conftest.c  >&5
configure:8583: $? = 0
configure:8583: ./conftest
configure:8583: $? = 0
configure:8594: result: yes
configure:8607: checking for sys/types.h
configure:8607: gcc -c -g -O2  conftest.c >&5
configure:8607: $? = 0
configure:8607: result: yes
configure:8607: checking for sys/stat.h
configure:8607: gcc -c -g -O2  conftest.c >&5
configure:8607: $? = 0
configure:8607: result: yes
configure:8607: checking for stdlib.h
configure:8607: gcc -c -g -O2  conftest.c >&5
configure:8607: $? = 0
configure:8607: result: yes
configure:8607: checking for string.h
configure:8607: gcc -c -g -O2  conftest.c >&5
configure:8607: $? = 0
configure:8607: result: yes
configure:8607: checking for memory.h
configure:8607: gcc -c -g -O2  conftest.c >&5
configure:8607: $? = 0
configure:8607: result: yes
configure:8607: checking for strings.h
configure:8607: gcc -c -g -O2  conftest.c >&5
configure:8607: $? = 0
configure:8607: result: yes
configure:8607: checking for inttypes.h
configure:8607: gcc -c -g -O2  conftest.c >&5
configure:8607: $? = 0
configure:8607: result: yes
configure:8607: checking for stdint.h
configure:8607: gcc -c -g -O2  conftest.c >&5
configure:8607: $? = 0
configure:8607: result: yes
configure:8607: checking for unistd.h
configure:8607: gcc -c -g -O2  conftest.c >&5
configure:8607: $? = 0
configure:8607: result: yes
configure:8621: checking for dlfcn.h
configure:8621: gcc -c -g -O2  conftest.c >&5
configure:8621: $? = 0
configure:8621: result: yes
configure:9186: checking for objdir
configure:9201: result: .libs
configure:9465: checking if gcc supports -fno-rtti -fno-exceptions
configure:9483: gcc -c -g -O2  -fno-rtti -fno-exceptions conftest.c >&5
cc1: warning: command line option '-fno-rtti' is valid for C++/ObjC++ but not for C
configure:9487: $? = 0
configure:9500: result: no
configure:9858: checking for gcc option to produce PIC
configure:9865: result: -fPIC -DPIC
configure:9873: checking if gcc PIC flag -fPIC -DPIC works
configure:9891: gcc -c -g -O2  -fPIC -DPIC -DPIC conftest.c >&5
configure:9895: $? = 0
configure:9908: result: yes
configure:9937: checking if gcc static flag -static works
configure:9965: result: yes
configure:9980: checking if gcc supports -c -o file.o
configure:10001: gcc -c -g -O2  -o out/conftest2.o conftest.c >&5
configure:10005: $? = 0
configure:10027: result: yes
configure:10035: checking if gcc supports -c -o file.o
configure:10082: result: yes
configure:10115: checking whether the gcc linker (/usr/bin/ld -m elf_x86_64) supports shared libraries
configure:11374: result: yes
configure:11411: checking whether -lc should be explicitly linked in
configure:11419: gcc -c -g -O2  conftest.c >&5
configure:11422: $? = 0
configure:11437: gcc -shared  -fPIC -DPIC conftest.o  -v -Wl,-soname -Wl,conftest -o conftest 2\>\&1 \| /bin/grep  -lc  \>/dev/null 2\>\&1
configure:11440: $? = 0
configure:11454: result: no
configure:11614: checking dynamic linker characteristics
configure:12195: gcc -o conftest -g -O2   -Wl,-rpath -Wl,/foo conftest.c  >&5
configure:12195: $? = 0
configure:12432: result: GNU/Linux ld.so
configure:12554: checking how to hardcode library paths into programs
configure:12579: result: immediate
configure:13127: checking whether stripping libraries is possible
configure:13132: result: yes
configure:13167: checking if libtool supports shared libraries
configure:13169: result: yes
configure:13172: checking whether to build shared libraries
configure:13197: result: yes
configure:13200: checking whether to build static libraries
configure:13204: result: yes
configure:13227: checking how to run the C++ preprocessor
configure:13254: g++ -E  conftest.cpp
configure:13254: $? = 0
configure:13268: g++ -E  conftest.cpp
conftest.cpp:23:10: fatal error: ac_nonexistent.h: No such file or directory
 #include <ac_nonexistent.h>
          ^~~~~~~~~~~~~~~~~~
compilation terminated.
configure:13268: $? = 1
configure: failed program was:
| /* confdefs.h */
| #define PACKAGE_NAME "RtAudio"
| #define PACKAGE_TARNAME "rtaudio"
| #define PACKAGE_VERSION "5.1.0"
| #define PACKAGE_STRING "RtAudio 5.1.0"
| #define PACKAGE_BUGREPORT "gary@music.mcgill.ca"
| #define PACKAGE_URL ""
| #define PACKAGE "rtaudio"
| #define VERSION "5.1.0"
| #define STDC_HEADERS 1
| #define HAVE_SYS_TYPES_H 1
| #define HAVE_SYS_STAT_H 1
| #define HAVE_STDLIB_H 1
| #define HAVE_STRING_H 1
| #define HAVE_MEMORY_H 1
| #define HAVE_STRINGS_H 1
| #define HAVE_INTTYPES_H 1
| #define HAVE_STDINT_H 1
| #define HAVE_UNISTD_H 1
| #define HAVE_DLFCN_H 1
| #define LT_OBJDIR ".libs/"
| /* end confdefs.h.  */
| #include <ac_nonexistent.h>
configure:13293: result: g++ -E
configure:13313: g++ -E  conftest.cpp
configure:13313: $? = 0
configure:13327: g++ -E  conftest.cpp
conftest.cpp:23:10: fatal error: ac_nonexistent.h: No such file or directory
 #include <ac_nonexistent.h>
          ^~~~~~~~~~~~~~~~~~
compilation terminated.
configure:13327: $? = 1
configure: failed program was:
| /* confdefs.h */
| #define PACKAGE_NAME "RtAudio"
| #define PACKAGE_TARNAME "rtaudio"
| #define PACKAGE_VERSION "5.1.0"
| #define PACKAGE_STRING "RtAudio 5.1.0"
| #define PACKAGE_BUGREPORT "gary@music.mcgill.ca"
| #define PACKAGE_URL ""
| #define PACKAGE "rtaudio"
| #define VERSION "5.1.0"
| #define STDC_HEADERS 1
| #define HAVE_SYS_TYPES_H 1
| #define HAVE_SYS_STAT_H 1
| #define HAVE_STDLIB_H 1
| #define HAVE_STRING_H 1
| #define HAVE_MEMORY_H 1
| #define HAVE_STRINGS_H 1
| #define HAVE_INTTYPES_H 1
| #define HAVE_STDINT_H 1
| #define HAVE_UNISTD_H 1
| #define HAVE_DLFCN_H 1
| #define LT_OBJDIR ".libs/"
| /* end confdefs.h.  */
| #include <ac_nonexistent.h>
configure:13489: checking for ld used by g++
configure:13556: result: /usr/bin/ld -m elf_x86_64
configure:13563: checking if the linker (/usr/bin/ld -m elf_x86_64) is GNU ld
configure:13578: result: yes
configure:13633: checking whether the g++ linker (/usr/bin/ld -m elf_x86_64) supports shared libraries
configure:14706: result: yes
configure:14742: g++ -c -g -O2  conftest.cpp >&5
configure:14745: $? = 0
configure:15226: checking for g++ option to produce PIC
configure:15233: result: -fPIC -DPIC
configure:15241: checking if g++ PIC flag -fPIC -DPIC works
configure:15259: g++ -c -g -O2  -fPIC -DPIC -DPIC conftest.cpp >&5
configure:15263: $? = 0
configure:15276: result: yes
configure:15299: checking if g++ static flag -static works
configure:15327: result: yes
configure:15339: checking if g++ supports -c -o file.o
configure:15360: g++ -c -g -O2  -o out/conftest2.o conftest.cpp >&5
configure:15364: $? = 0
configure:15386: result: yes
configure:15391: checking if g++ supports -c -o file.o
configure:15438: result: yes
configure:15468: checking whether the g++ linker (/usr/bin/ld -m elf_x86_64) supports shared libraries
configure:15508: result: yes
configure:15649: checking dynamic linker characteristics
configure:16394: result: GNU/Linux ld.so
configure:16459: checking how to hardcode library paths into programs
configure:16484: result: immediate
configure:16548: checking for ANSI C header files
configure:16652: result: yes
configure:16663: checking sys/ioctl.h usability
configure:16663: gcc -c -g -O2  conftest.c >&5
configure:16663: $? = 0
configure:16663: result: yes
configure:16663: checking sys/ioctl.h presence
configure:16663: gcc -E  conftest.c
configure:16663: $? = 0
configure:16663: result: yes
configure:16663: checking for sys/ioctl.h
configure:16663: result: yes
configure:16663: checking for unistd.h
configure:16663: result: yes
configure:16693: checking whether to compile debug version
configure:16714: result: no
configure:16736: checking for gettimeofday
configure:16736: gcc -o conftest -g -O2   conftest.c  >&5
configure:16736: $? = 0
configure:16736: result: yes
configure:16745: checking for doxygen
configure:16775: result: no
configure:16913: checking for snd_pcm_open in -lasound
configure:16938: gcc -o conftest -g -O2   conftest.c -lasound   >&5
/usr/bin/ld: cannot find -lasound
collect2: error: ld returned 1 exit status
configure:16938: $? = 1
configure: failed program was:
| /* confdefs.h */
| #define PACKAGE_NAME "RtAudio"
| #define PACKAGE_TARNAME "rtaudio"
| #define PACKAGE_VERSION "5.1.0"
| #define PACKAGE_STRING "RtAudio 5.1.0"
| #define PACKAGE_BUGREPORT "gary@music.mcgill.ca"
| #define PACKAGE_URL ""
| #define PACKAGE "rtaudio"
| #define VERSION "5.1.0"
| #define STDC_HEADERS 1
| #define HAVE_SYS_TYPES_H 1
| #define HAVE_SYS_STAT_H 1
| #define HAVE_STDLIB_H 1
| #define HAVE_STRING_H 1
| #define HAVE_MEMORY_H 1
| #define HAVE_STRINGS_H 1
| #define HAVE_INTTYPES_H 1
| #define HAVE_STDINT_H 1
| #define HAVE_UNISTD_H 1
| #define HAVE_DLFCN_H 1
| #define LT_OBJDIR ".libs/"
| #define STDC_HEADERS 1
| #define HAVE_SYS_IOCTL_H 1
| #define HAVE_UNISTD_H 1
| /* end confdefs.h.  */
| 
| /* Override any GCC internal prototype to avoid an error.
|    Use char because int might match the return type of a GCC
|    builtin and then its argument prototype would still apply.  */
| #ifdef __cplusplus
| extern "C"
| #endif
| char snd_pcm_open ();
| int
| main ()
| {
| return snd_pcm_open ();
|   ;
|   return 0;
| }
configure:16947: result: no
configure:16972: checking for pa_simple_flush in -lpulse-simple
configure:16997: gcc -o conftest -g -O2   conftest.c -lpulse-simple   >&5
configure:16997: $? = 0
configure:17006: result: yes
configure:17042: checking for main in -lossaudio
configure:17061: gcc -o conftest -g -O2   conftest.c -lossaudio  -lpulse-simple  >&5
/usr/bin/ld: cannot find -lossaudio
collect2: error: ld returned 1 exit status
configure:17061: $? = 1
configure: failed program was:
| /* confdefs.h */
| #define PACKAGE_NAME "RtAudio"
| #define PACKAGE_TARNAME "rtaudio"
| #define PACKAGE_VERSION "5.1.0"
| #define PACKAGE_STRING "RtAudio 5.1.0"
| #define PACKAGE_BUGREPORT "gary@music.mcgill.ca"
| #define PACKAGE_URL ""
| #define PACKAGE "rtaudio"
| #define VERSION "5.1.0"
| #define STDC_HEADERS 1
| #define HAVE_SYS_TYPES_H 1
| #define HAVE_SYS_STAT_H 1
| #define HAVE_STDLIB_H 1
| #define HAVE_STRING_H 1
| #define HAVE_MEMORY_H 1
| #define HAVE_STRINGS_H 1
| #define HAVE_INTTYPES_H 1
| #define HAVE_STDINT_H 1
| #define HAVE_UNISTD_H 1
| #define HAVE_DLFCN_H 1
| #define LT_OBJDIR ".libs/"
| #define STDC_HEADERS 1
| #define HAVE_SYS_IOCTL_H 1
| #define HAVE_UNISTD_H 1
| /* end confdefs.h.  */
| 
| 
| int
| main ()
| {
| return main ();
|   ;
|   return 0;
| }
configure:17070: result: no
configure:17089: checking whether SNDCTL_SYSINFO is declared
configure:17089: gcc -c -g -O2  conftest.c >&5
conftest.c: In function 'main':
conftest.c:35:10: error: 'SNDCTL_SYSINFO' undeclared (first use in this function); did you mean 'SNDCTL_SYNTH_INFO'?
   (void) SNDCTL_SYSINFO;
          ^~~~~~~~~~~~~~
          SNDCTL_SYNTH_INFO
conftest.c:35:10: note: each undeclared identifier is reported only once for each function it appears in
configure:17089: $? = 1
configure: failed program was:
| /* confdefs.h */
| #define PACKAGE_NAME "RtAudio"
| #define PACKAGE_TARNAME "rtaudio"
| #define PACKAGE_VERSION "5.1.0"
| #define PACKAGE_STRING "RtAudio 5.1.0"
| #define PACKAGE_BUGREPORT "gary@music.mcgill.ca"
| #define PACKAGE_URL ""
| #define PACKAGE "rtaudio"
| #define VERSION "5.1.0"
| #define STDC_HEADERS 1
| #define HAVE_SYS_TYPES_H 1
| #define HAVE_SYS_STAT_H 1
| #define HAVE_STDLIB_H 1
| #define HAVE_STRING_H 1
| #define HAVE_MEMORY_H 1
| #define HAVE_STRINGS_H 1
| #define HAVE_INTTYPES_H 1
| #define HAVE_STDINT_H 1
| #define HAVE_UNISTD_H 1
| #define HAVE_DLFCN_H 1
| #define LT_OBJDIR ".libs/"
| #define STDC_HEADERS 1
| #define HAVE_SYS_IOCTL_H 1
| #define HAVE_UNISTD_H 1
| /* end confdefs.h.  */
| #include <sys/soundcard.h>
| 
| int
| main ()
| {
| #ifndef SNDCTL_SYSINFO
| #ifdef __cplusplus
|   (void) SNDCTL_SYSINFO;
| #else
|   (void) SNDCTL_SYSINFO;
| #endif
| #endif
| 
|   ;
|   return 0;
| }
configure:17089: result: no
configure:17113: checking for jack_client_open in -ljack
configure:17138: gcc -o conftest -g -O2   conftest.c -ljack  -lpulse-simple  >&5
/usr/bin/ld: cannot find -ljack
collect2: error: ld returned 1 exit status
configure:17138: $? = 1
configure: failed program was:
| /* confdefs.h */
| #define PACKAGE_NAME "RtAudio"
| #define PACKAGE_TARNAME "rtaudio"
| #define PACKAGE_VERSION "5.1.0"
| #define PACKAGE_STRING "RtAudio 5.1.0"
| #define PACKAGE_BUGREPORT "gary@music.mcgill.ca"
| #define PACKAGE_URL ""
| #define PACKAGE "rtaudio"
| #define VERSION "5.1.0"
| #define STDC_HEADERS 1
| #define HAVE_SYS_TYPES_H 1
| #define HAVE_SYS_STAT_H 1
| #define HAVE_STDLIB_H 1
| #define HAVE_STRING_H 1
| #define HAVE_MEMORY_H 1
| #define HAVE_STRINGS_H 1
| #define HAVE_INTTYPES_H 1
| #define HAVE_STDINT_H 1
| #define HAVE_UNISTD_H 1
| #define HAVE_DLFCN_H 1
| #define LT_OBJDIR ".libs/"
| #define STDC_HEADERS 1
| #define HAVE_SYS_IOCTL_H 1
| #define HAVE_UNISTD_H 1
| /* end confdefs.h.  */
| 
| /* Override any GCC internal prototype to avoid an error.
|    Use char because int might match the return type of a GCC
|    builtin and then its argument prototype would still apply.  */
| #ifdef __cplusplus
| extern "C"
| #endif
| char jack_client_open ();
| int
| main ()
| {
| return jack_client_open ();
|   ;
|   return 0;
| }
configure:17147: result: no
configure:17303: checking for pthread
configure:17305: checking for pthread_create in -lpthread
configure:17330: gcc -o conftest -g -O2   conftest.c -lpthread  -lpulse-simple  >&5
configure:17330: $? = 0
configure:17339: result: yes
configure:17354: checking for audio API
configure:17366: result:  PulseAudio
configure:17527: checking that generated files are newer than configure
configure:17533: result: done
configure:17572: creating ./config.status

## ---------------------- ##
## Running config.status. ##
## ---------------------- ##

This file was extended by RtAudio config.status 5.1.0, which was
generated by GNU Autoconf 2.69.  Invocation command line was

  CONFIG_FILES    = 
  CONFIG_HEADERS  = 
  CONFIG_LINKS    = 
  CONFIG_COMMANDS = 
  $ ./config.status 

on ubuntu

config.status:1109: creating rtaudio.pc
config.status:1109: creating Makefile
config.status:1109: creating tests/Makefile
config.status:1109: creating doc/Makefile
config.status:1109: creating doc/doxygen/Doxyfile
config.status:1312: executing depfiles commands
config.status:1389: cd .       && sed -e '/# am--include-marker/d' Makefile         | make -f - am--depfiles
config.status:1394: $? = 0
config.status:1389: cd tests       && sed -e '/# am--include-marker/d' Makefile         | make -f - am--depfiles
config.status:1394: $? = 0
config.status:1312: executing libtool commands

## ---------------- ##
## Cache variables. ##
## ---------------- ##

ac_cv_build=x86_64-pc-linux-gnu
ac_cv_c_compiler_gnu=yes
ac_cv_cxx_compiler_gnu=yes
ac_cv_env_CCC_set=
ac_cv_env_CCC_value=
ac_cv_env_CC_set=
ac_cv_env_CC_value=
ac_cv_env_CFLAGS_set=
ac_cv_env_CFLAGS_value=
ac_cv_env_CPPFLAGS_set=
ac_cv_env_CPPFLAGS_value=
ac_cv_env_CPP_set=
ac_cv_env_CPP_value=
ac_cv_env_CXXCPP_set=
ac_cv_env_CXXCPP_value=
ac_cv_env_CXXFLAGS_set=
ac_cv_env_CXXFLAGS_value=
ac_cv_env_CXX_set=
ac_cv_env_CXX_value=
ac_cv_env_LDFLAGS_set=
ac_cv_env_LDFLAGS_value=
ac_cv_env_LIBS_set=
ac_cv_env_LIBS_value=
ac_cv_env_LT_SYS_LIBRARY_PATH_set=
ac_cv_env_LT_SYS_LIBRARY_PATH_value=
ac_cv_env_build_alias_set=
ac_cv_env_build_alias_value=
ac_cv_env_host_alias_set=
ac_cv_env_host_alias_value=
ac_cv_env_target_alias_set=
ac_cv_env_target_alias_value=
ac_cv_func_gettimeofday=yes
ac_cv_have_decl_SNDCTL_SYSINFO=no
ac_cv_header_dlfcn_h=yes
ac_cv_header_inttypes_h=yes
ac_cv_header_memory_h=yes
ac_cv_header_stdc=yes
ac_cv_header_stdint_h=yes
ac_cv_header_stdlib_h=yes
ac_cv_header_string_h=yes
ac_cv_header_strings_h=yes
ac_cv_header_sys_ioctl_h=yes
ac_cv_header_sys_stat_h=yes
ac_cv_header_sys_types_h=yes
ac_cv_header_unistd_h=yes
ac_cv_host=x86_64-pc-linux-gnu
ac_cv_lib_asound_snd_pcm_open=no
ac_cv_lib_jack_jack_client_open=no
ac_cv_lib_ossaudio_main=no
ac_cv_lib_pthread_pthread_create=yes
ac_cv_lib_pulse_simple_pa_simple_flush=yes
ac_cv_objext=o
ac_cv_path_AR=/usr/bin/ar
ac_cv_path_EGREP='/bin/grep -E'
ac_cv_path_FGREP='/bin/grep -F'
ac_cv_path_GREP=/bin/grep
ac_cv_path_SED=/bin/sed
ac_cv_path_install='/usr/bin/install -c'
ac_cv_path_lt_DD=/bin/dd
ac_cv_path_mkdir=/bin/mkdir
ac_cv_prog_AWK=mawk
ac_cv_prog_CPP='gcc -E'
ac_cv_prog_CXXCPP='g++ -E'
ac_cv_prog_ac_ct_AR=ar
ac_cv_prog_ac_ct_CC=gcc
ac_cv_prog_ac_ct_CXX=g++
ac_cv_prog_ac_ct_MANIFEST_TOOL=mt
ac_cv_prog_ac_ct_OBJDUMP=objdump
ac_cv_prog_ac_ct_RANLIB=ranlib
ac_cv_prog_ac_ct_STRIP=strip
ac_cv_prog_cc_c89=
ac_cv_prog_cc_g=yes
ac_cv_prog_cxx_g=yes
ac_cv_prog_make_make_set=yes
am_cv_CC_dependencies_compiler_type=gcc3
am_cv_CXX_dependencies_compiler_type=gcc3
am_cv_ar_interface=ar
am_cv_make_support_nested_variables=yes
am_cv_prog_cc_c_o=yes
lt_cv_ar_at_file=@
lt_cv_archive_cmds_need_lc=no
lt_cv_deplibs_check_method=pass_all
lt_cv_file_magic_cmd='$MAGIC_CMD'
lt_cv_file_magic_test_file=
lt_cv_ld_reload_flag=-r
lt_cv_nm_interface='BSD nm'
lt_cv_objdir=.libs
lt_cv_path_LD=/usr/bin/ld
lt_cv_path_LDCXX='/usr/bin/ld -m elf_x86_64'
lt_cv_path_NM='/usr/bin/nm -B'
lt_cv_path_mainfest_tool=no
lt_cv_prog_compiler_c_o=yes
lt_cv_prog_compiler_c_o_CXX=yes
lt_cv_prog_compiler_pic='-fPIC -DPIC'
lt_cv_prog_compiler_pic_CXX='-fPIC -DPIC'
lt_cv_prog_compiler_pic_works=yes
lt_cv_prog_compiler_pic_works_CXX=yes
lt_cv_prog_compiler_rtti_exceptions=no
lt_cv_prog_compiler_static_works=yes
lt_cv_prog_compiler_static_works_CXX=yes
lt_cv_prog_gnu_ld=yes
lt_cv_prog_gnu_ldcxx=yes
lt_cv_sharedlib_from_linklib_cmd='printf %s\n'
lt_cv_shlibpath_overrides_runpath=yes
lt_cv_sys_global_symbol_pipe='sed -n -e '\''s/^.*[	 ]\([ABCDGIRSTW][ABCDGIRSTW]*\)[	 ][	 ]*\([_A-Za-z][_A-Za-z0-9]*\)$/\1 \2 \2/p'\'' | sed '\''/ __gnu_lto/d'\'''
lt_cv_sys_global_symbol_to_c_name_address='sed -n -e '\''s/^: \(.*\) .*$/  {"\1", (void *) 0},/p'\'' -e '\''s/^[ABCDGIRSTW][ABCDGIRSTW]* .* \(.*\)$/  {"\1", (void *) \&\1},/p'\'''
lt_cv_sys_global_symbol_to_c_name_address_lib_prefix='sed -n -e '\''s/^: \(.*\) .*$/  {"\1", (void *) 0},/p'\'' -e '\''s/^[ABCDGIRSTW][ABCDGIRSTW]* .* \(lib.*\)$/  {"\1", (void *) \&\1},/p'\'' -e '\''s/^[ABCDGIRSTW][ABCDGIRSTW]* .* \(.*\)$/  {"lib\1", (void *) \&\1},/p'\'''
lt_cv_sys_global_symbol_to_cdecl='sed -n -e '\''s/^T .* \(.*\)$/extern int \1();/p'\'' -e '\''s/^[ABCDGIRSTW][ABCDGIRSTW]* .* \(.*\)$/extern char \1;/p'\'''
lt_cv_sys_global_symbol_to_import=
lt_cv_sys_max_cmd_len=1572864
lt_cv_to_host_file_cmd=func_convert_file_noop
lt_cv_to_tool_file_cmd=func_convert_file_noop
lt_cv_truncate_bin='/bin/dd bs=4096 count=1'

## ----------------- ##
## Output variables. ##
## ----------------- ##

ACLOCAL='${SHELL} /home/dlearning/Desktop/tpttr/rtaudio-5.1.0/config/missing aclocal-1.16'
AMDEPBACKSLASH='\'
AMDEP_FALSE='#'
AMDEP_TRUE=''
AMTAR='$${TAR-tar}'
AM_BACKSLASH='\'
AM_DEFAULT_V='$(AM_DEFAULT_VERBOSITY)'
AM_DEFAULT_VERBOSITY='0'
AM_V='$(V)'
AR='/usr/bin/ar'
AS='as'
ASIO_FALSE=''
ASIO_TRUE='#'
AUTOCONF='${SHELL} /home/dlearning/Desktop/tpttr/rtaudio-5.1.0/config/missing autoconf'
AUTOHEADER='${SHELL} /home/dlearning/Desktop/tpttr/rtaudio-5.1.0/config/missing autoheader'
AUTOMAKE='${SHELL} /home/dlearning/Desktop/tpttr/rtaudio-5.1.0/config/missing automake-1.16'
AWK='mawk'
CC='gcc'
CCDEPMODE='depmode=gcc3'
CFLAGS='-g -O2'
CPP='gcc -E'
CPPFLAGS='  -D__LINUX_PULSE__'
CXX='g++'
CXXCPP='g++ -E'
CXXDEPMODE='depmode=gcc3'
CXXFLAGS='-Wall -Wextra -g -O2'
CYGPATH_W='echo'
DEFS='-DPACKAGE_NAME=\"RtAudio\" -DPACKAGE_TARNAME=\"rtaudio\" -DPACKAGE_VERSION=\"5.1.0\" -DPACKAGE_STRING=\"RtAudio\ 5.1.0\" -DPACKAGE_BUGREPORT=\"gary@music.mcgill.ca\" -DPACKAGE_URL=\"\" -DPACKAGE=\"rtaudio\" -DVERSION=\"5.1.0\" -DSTDC_HEADERS=1 -DHAVE_SYS_TYPES_H=1 -DHAVE_SYS_STAT_H=1 -DHAVE_STDLIB_H=1 -DHAVE_STRING_H=1 -DHAVE_MEMORY_H=1 -DHAVE_STRINGS_H=1 -DHAVE_INTTYPES_H=1 -DHAVE_STDINT_H=1 -DHAVE_UNISTD_H=1 -DHAVE_DLFCN_H=1 -DLT_OBJDIR=\".libs/\" -DSTDC_HEADERS=1 -DHAVE_SYS_IOCTL_H=1 -DHAVE_UNISTD_H=1 -DHAVE_LIBPTHREAD=1'
DEPDIR='.deps'
DLLTOOL='false'
DOXYGEN=''
DSYMUTIL=''
DUMPBIN=''
ECHO_C=''
ECHO_N='-n'
ECHO_T=''
EGREP='/bin/grep -E'
EXEEXT=''
FGREP='/bin/grep -F'
GREP='/bin/grep'
INSTALL_DATA='${INSTALL} -m 644'
INSTALL_PROGRAM='${INSTALL}'
INSTALL_SCRIPT='${INSTALL}'
INSTALL_STRIP_PROGRAM='$(install_sh) -c -s'
LD='/usr/bin/ld -m elf_x86_64'
LDFLAGS=''
LIBOBJS=''
LIBS='-lpthread -lpulse-simple '
LIBTOOL='$(SHELL) $(top_builddir)/libtool'
LIPO=''
LN_S='ln -s'
LTLIBOBJS=''
LT_SYS_LIBRARY_PATH=''
MAINT='#'
MAINTAINER_MODE_FALSE=''
MAINTAINER_MODE_TRUE='#'
MAKEINFO='${SHELL} /home/dlearning/Desktop/tpttr/rtaudio-5.1.0/config/missing makeinfo'
MAKE_DOC_FALSE=''
MAKE_DOC_TRUE='#'
MANIFEST_TOOL=':'
MKDIR_P='/bin/mkdir -p'
NM='/usr/bin/nm -B'
NMEDIT=''
OBJDUMP='objdump'
OBJEXT='o'
OTOOL64=''
OTOOL=''
PACKAGE='rtaudio'
PACKAGE_BUGREPORT='gary@music.mcgill.ca'
PACKAGE_NAME='RtAudio'
PACKAGE_STRING='RtAudio 5.1.0'
PACKAGE_TARNAME='rtaudio'
PACKAGE_URL=''
PACKAGE_VERSION='5.1.0'
PATH_SEPARATOR=':'
RANLIB='ranlib'
SED='/bin/sed'
SET_MAKE=''
SHELL='/bin/bash'
SO_VERSION='6:1:0'
STRIP='strip'
VERSION='5.1.0'
ac_ct_AR='ar'
ac_ct_CC='gcc'
ac_ct_CXX='g++'
ac_ct_DUMPBIN=''
am__EXEEXT_FALSE=''
am__EXEEXT_TRUE='#'
am__fastdepCC_FALSE='#'
am__fastdepCC_TRUE=''
am__fastdepCXX_FALSE='#'
am__fastdepCXX_TRUE=''
am__include='include'
am__isrc=''
am__leading_dot='.'
am__nodep='_no'
am__quote=''
am__tar='$${TAR-tar} chof - "$$tardir"'
am__untar='$${TAR-tar} xf -'
api=' -D__LINUX_PULSE__'
bindir='${exec_prefix}/bin'
build='x86_64-pc-linux-gnu'
build_alias=''
build_cpu='x86_64'
build_os='linux-gnu'
build_vendor='pc'
datadir='${datarootdir}'
datarootdir='${prefix}/share'
docdir='${datarootdir}/doc/${PACKAGE_TARNAME}'
dvidir='${docdir}'
exec_prefix='${prefix}'
host='x86_64-pc-linux-gnu'
host_alias=''
host_cpu='x86_64'
host_os='linux-gnu'
host_vendor='pc'
htmldir='${docdir}'
includedir='${prefix}/include'
infodir='${datarootdir}/info'
install_sh='${SHELL} /home/dlearning/Desktop/tpttr/rtaudio-5.1.0/config/install-sh'
libdir='${exec_prefix}/lib'
libexecdir='${exec_prefix}/libexec'
localedir='${datarootdir}/locale'
localstatedir='${prefix}/var'
mandir='${datarootdir}/man'
mkdir_p='$(MKDIR_P)'
oldincludedir='/usr/include'
pdfdir='${docdir}'
prefix='/usr/local'
program_transform_name='s,x,x,'
psdir='${docdir}'
req=' libpulse-simple'
sbindir='${exec_prefix}/sbin'
sharedstatedir='${prefix}/com'
sysconfdir='${prefix}/etc'
target_alias=''
visibility='-fvisibility=hidden'

## ----------- ##
## confdefs.h. ##
## ----------- ##

/* confdefs.h */
#define PACKAGE_NAME "RtAudio"
#define PACKAGE_TARNAME "rtaudio"
#define PACKAGE_VERSION "5.1.0"
#define PACKAGE_STRING "RtAudio 5.1.0"
#define PACKAGE_BUGREPORT "gary@music.mcgill.ca"
#define PACKAGE_URL ""
#define PACKAGE "rtaudio"
#define VERSION "5.1.0"
#define STDC_HEADERS 1
#define HAVE_SYS_TYPES_H 1
#define HAVE_SYS_STAT_H 1
#define HAVE_STDLIB_H 1
#define HAVE_STRING_H 1
#define HAVE_MEMORY_H 1
#define HAVE_STRINGS_H 1
#define HAVE_INTTYPES_H 1
#define HAVE_STDINT_H 1
#define HAVE_UNISTD_H 1
#define HAVE_DLFCN_H 1
#define LT_OBJDIR ".libs/"
#define STDC_HEADERS 1
#define HAVE_SYS_IOCTL_H 1
#define HAVE_UNISTD_H 1
#define HAVE_LIBPTHREAD 1

configure: exit 0
